1 0
3 1
5 2
6 3
9 4
10 5
11 6
12 7
17 8
18 9
19 10
20 11
21 12
22 13
29 EOT
30 EOT
31 EOT
32 EOT
33 EOT
34 EOT
35 EOT
36 EOT
37 EOT
38 EOT
39 EOT
40 EOT
41 EOT
42 EOT
43 EOT
44 EOT
45 EOT
46 EOT
47 EOT
48 EOT
49 EOT
50 EOT
51 EOT
52 EOT
53 EOT
54 EOT
55 EOT
56 EOT
57 EOT
58 EOT
59 EOT
60 EOT
61 EOT
62 EOT
63 EOT
64 EOT
65 EOT
66 EOT
67 EOT
68 EOT
69 EOT
70 EOT
71 EOT
72 EOT
73 EOT
74 EOT
75 EOT
76 EOT
77 EOT
78 EOT
79 EOT
80 EOT
81 EOT
82 EOT
83 EOT
84 EOT
85 EOT
86 EOT
87 EOT
88 EOT
89 EOT
90 EOT
91 EOT
92 EOT
93 EOT
94 EOT
95 EOT
96 EOT
97 EOT
98 EOT
99 EOT
100 EOT
101 EOT
102 EOT
103 EOT
104 EOT
105 EOT
106 EOT
107 EOT
108 EOT
109 EOT
110 EOT
111 EOT
112 EOT
113 EOT
114 EOT
115 EOT
116 EOT
117 EOT
118 EOT
119 EOT
120 EOT
121 EOT
122 EOT
123 EOT
124 EOT
125 EOT
126 EOT
127 EOT
128 EOT
129 EOT
130 EOT
131 EOT
132 EOT
133 EOT
134 EOT
135 EOT
136 EOT
137 EOT
138 EOT
139 EOT
140 EOT
141 EOT
142 EOT
143 EOT
144 EOT
145 EOT
146 EOT
147 EOT
148 EOT
149 EOT
150 EOT
151 EOT
152 EOT
153 EOT
154 EOT
155 EOT
156 EOT
157 EOT
158 EOT
159 EOT
160 EOT
161 EOT
162 EOT
163 EOT
164 EOT
165 EOT
166 EOT
167 EOT
168 EOT
169 EOT
170 EOT
171 EOT
172 EOT
173 EOT
174 EOT
175 EOT
176 EOT
177 EOT
178 EOT
179 EOT
180 EOT
181 EOT
182 EOT
183 EOT
184 EOT
185 EOT
186 EOT
187 EOT
188 EOT
189 EOT
190 EOT
191 EOT
192 EOT
193 EOT
194 EOT
195 EOT
196 EOT
197 EOT
198 EOT
199 EOT
200 EOT
201 EOT
202 EOT
203 EOT
204 EOT
205 EOT
206 EOT
207 EOT
208 EOT
209 EOT
210 EOT
211 EOT
212 EOT
213 EOT
214 EOT
215 EOT
216 EOT
217 EOT
218 EOT
219 EOT
220 EOT
221 EOT
222 EOT
223 EOT
224 EOT
225 EOT
226 EOT
227 EOT
228 EOT
229 EOT
230 EOT
231 EOT
232 EOT
233 EOT
234 EOT
235 EOT
236 EOT
237 EOT
238 EOT
239 EOT
240 EOT
241 EOT
242 EOT
243 EOT
244 EOT
245 EOT
246 EOT
247 EOT
248 EOT
249 EOT
250 EOT
251 EOT
252 EOT
253 EOT
254 EOT
255 EOT
256 EOT
257 EOT
258 EOT
259 EOT
260 EOT
261 EOT
262 EOT
263 EOT
264 EOT
265 EOT
266 EOT
267 EOT
268 EOT
269 EOT
270 EOT
271 EOT
272 EOT
273 EOT
274 EOT
275 EOT
276 EOT
277 EOT
278 EOT
279 EOT
280 EOT
281 EOT
282 EOT
283 EOT
284 EOT
285 EOT
286 EOT
287 EOT
288 EOT
289 EOT
290 EOT
291 EOT
292 EOT
293 EOT
294 EOT
295 EOT
296 EOT
297 EOT
298 EOT
299 EOT
300 EOT
301 EOT
302 EOT
303 EOT
304 EOT
305 EOT
306 EOT
307 EOT
308 EOT
309 EOT
310 EOT
311 EOT
312 EOT
313 EOT
314 EOT
315 EOT
316 EOT
317 EOT
318 EOT
319 EOT
320 EOT
321 EOT
322 EOT
323 EOT
324 EOT
325 EOT
326 EOT
327 EOT
328 EOT
329 EOT
330 EOT
331 EOT
332 EOT
333 EOT
334 EOT
335 EOT
336 EOT
337 EOT
338 EOT
339 EOT
340 EOT
341 EOT
342 EOT
343 EOT
344 EOT
345 EOT
346 EOT
347 EOT
348 EOT
349 EOT
350 EOT
351 EOT
352 EOT
353 EOT
354 EOT
355 EOT
356 EOT
357 EOT
358 EOT
359 EOT
360 EOT
361 EOT
362 EOT
363 EOT
364 EOT
365 EOT
366 EOT
367 EOT
368 EOT
369 EOT
370 EOT
371 EOT
372 EOT
373 EOT
374 EOT
375 EOT
376 EOT
377 EOT
378 EOT
379 EOT
380 EOT
381 EOT
382 EOT
383 EOT
384 EOT
385 EOT
386 EOT
387 EOT
388 EOT
389 EOT
390 EOT
391 EOT
392 EOT
393 EOT
394 EOT
395 EOT
396 EOT
397 EOT
398 EOT
399 EOT
400 EOT
401 EOT
402 EOT
403 EOT
404 EOT
405 EOT
406 EOT
407 EOT
408 EOT
409 EOT
410 EOT
411 EOT
412 EOT
413 EOT
414 EOT
415 EOT
416 EOT
417 EOT
418 EOT
419 EOT
420 EOT
421 EOT
422 EOT
423 EOT
424 EOT
425 EOT
426 EOT
427 EOT
428 EOT
429 EOT
430 EOT
431 EOT
432 EOT
433 EOT
434 EOT
435 EOT
436 EOT
437 EOT
438 EOT
439 EOT
440 EOT
441 EOT
442 EOT
443 EOT
444 EOT
445 EOT
446 EOT
447 EOT
448 EOT
449 EOT
450 EOT
451 EOT
452 EOT
453 EOT
454 EOT
455 EOT
456 EOT
457 EOT
458 EOT
459 EOT
460 EOT
461 EOT
462 EOT
463 EOT
464 EOT
465 EOT
466 EOT
467 EOT
468 EOT
469 EOT
470 EOT
471 EOT
472 EOT
473 EOT
474 EOT
475 EOT
476 EOT
477 EOT
478 EOT
479 EOT
480 EOT
481 EOT
482 EOT
483 EOT
484 EOT
485 EOT
486 EOT
487 EOT
488 EOT
489 EOT
490 EOT
491 EOT
492 EOT
493 EOT
494 EOT
495 EOT
496 EOT
497 EOT
498 EOT
499 EOT
500 EOT
501 EOT
502 EOT
503 EOT
504 EOT
505 EOT
506 EOT
507 EOT
508 EOT
509 EOT
510 EOT
511 EOT
512 EOT
513 EOT
514 EOT
515 EOT
516 EOT
517 EOT
518 EOT
519 EOT
520 EOT
521 EOT
522 EOT
523 EOT
524 EOT
525 EOT
526 EOT
527 EOT
528 EOT
529 EOT
530 EOT
531 EOT
532 EOT
533 EOT
534 EOT
535 EOT
536 EOT
537 EOT
538 EOT
539 EOT
540 EOT
541 EOT
542 EOT
543 EOT
544 EOT
545 EOT
546 EOT
547 EOT
548 EOT
549 EOT
550 EOT
551 EOT
552 EOT
553 EOT
554 EOT
555 EOT
556 EOT
557 EOT
558 EOT
559 EOT
560 EOT
561 EOT
562 EOT
563 EOT
564 EOT
565 EOT
566 EOT
567 EOT
568 EOT
569 EOT
570 EOT
571 EOT
572 EOT
573 EOT
574 EOT
575 EOT
576 EOT
577 EOT
578 EOT
579 EOT
580 EOT
581 EOT
582 EOT
583 EOT
584 EOT
585 EOT
586 EOT
587 EOT
588 EOT
589 EOT
590 EOT
591 EOT
592 EOT
593 EOT
594 EOT
595 EOT
596 EOT
597 EOT
598 EOT
599 EOT
600 EOT
601 EOT
602 EOT
603 EOT
604 EOT
605 EOT
606 EOT
607 EOT
608 EOT
609 EOT
610 EOT
611 EOT
612 EOT
613 EOT
614 EOT
615 EOT
616 EOT
617 EOT
618 EOT
619 EOT
620 EOT
621 EOT
622 EOT
623 EOT
624 EOT
625 EOT
626 EOT
627 EOT
628 EOT
629 EOT
630 EOT
631 EOT
632 EOT
633 EOT
634 EOT
635 EOT
636 EOT
637 EOT
638 EOT
639 EOT
640 EOT
641 EOT
642 EOT
643 EOT
644 EOT
645 EOT
646 EOT
647 EOT
648 EOT
649 EOT
650 EOT
651 EOT
652 EOT
653 EOT
654 EOT
655 EOT
656 EOT
657 EOT
658 EOT
659 EOT
660 EOT
661 EOT
662 EOT
663 EOT
664 EOT
665 EOT
666 EOT
667 EOT
668 EOT
669 EOT
670 EOT
671 EOT
672 EOT
673 EOT
674 EOT
675 EOT
676 EOT
677 EOT
678 EOT
679 EOT
680 EOT
681 EOT
682 EOT
683 EOT
684 EOT
685 EOT
686 EOT
687 EOT
688 EOT
689 EOT
690 EOT
691 EOT
692 EOT
693 EOT
694 EOT
695 EOT
696 EOT
697 EOT
698 EOT
699 EOT
700 EOT
701 EOT
702 EOT
703 EOT
704 EOT
705 EOT
706 EOT
707 EOT
708 EOT
709 EOT
710 EOT
711 EOT
712 EOT
713 EOT
714 EOT
715 EOT
716 EOT
717 EOT
718 EOT
719 EOT
720 EOT
721 EOT
722 EOT
723 EOT
724 EOT
725 EOT
726 EOT
727 EOT
728 EOT
729 EOT
730 EOT
731 EOT
732 EOT
733 EOT
734 EOT
735 EOT
736 EOT
737 EOT
738 EOT
739 EOT
740 EOT
741 EOT
742 EOT
743 EOT
744 EOT
745 EOT
746 EOT
747 EOT
748 EOT
749 EOT
750 EOT
751 EOT
752 EOT
753 EOT
754 EOT
755 EOT
756 EOT
757 EOT
758 EOT
759 EOT
760 EOT
761 EOT
762 EOT
763 EOT
764 EOT
765 EOT
766 EOT
767 EOT
768 EOT
769 EOT
770 EOT
771 EOT
772 EOT
773 EOT
774 EOT
775 EOT
776 EOT
777 EOT
778 EOT
779 EOT
780 EOT
781 EOT
782 EOT
783 EOT
784 EOT
785 EOT
786 EOT
787 EOT
788 EOT
789 EOT
790 EOT
791 EOT
792 EOT
793 EOT
794 EOT
795 EOT
796 EOT
797 EOT
798 EOT
799 EOT
800 EOT
801 EOT
802 EOT
803 EOT
804 EOT
805 EOT
806 EOT
807 EOT
808 EOT
809 EOT
810 EOT
811 EOT
812 EOT
813 EOT
814 EOT
815 EOT
816 EOT
817 EOT
818 EOT
819 EOT
820 EOT
821 EOT
822 EOT
823 EOT
824 EOT
825 EOT
826 EOT
827 EOT
828 EOT
829 EOT
830 EOT
831 EOT
832 EOT
833 EOT
834 EOT
835 EOT
836 EOT
837 EOT
838 EOT
839 EOT
840 EOT
841 EOT
842 EOT
843 EOT
844 EOT
845 EOT
846 EOT
847 EOT
848 EOT
849 EOT
850 EOT
851 EOT
852 EOT
853 EOT
854 EOT
855 EOT
856 EOT
857 EOT
858 EOT
859 EOT
860 EOT
861 EOT
862 EOT
863 EOT
864 EOT
865 EOT
866 EOT
867 EOT
868 EOT
869 EOT
870 EOT
871 EOT
872 EOT
873 EOT
874 EOT
875 EOT
876 EOT
877 EOT
878 EOT
879 EOT
880 EOT
881 EOT
882 EOT
883 EOT
884 EOT
885 EOT
886 EOT
887 EOT
888 EOT
889 EOT
890 EOT
891 EOT
892 EOT
893 EOT
894 EOT
895 EOT
896 EOT
897 EOT
898 EOT
899 EOT
900 EOT
901 EOT
902 EOT
903 EOT
904 EOT
905 EOT
906 EOT
907 EOT
908 EOT
909 EOT
910 EOT
911 EOT
912 EOT
913 EOT
914 EOT
915 EOT
916 EOT
917 EOT
918 EOT
919 EOT
920 EOT
921 EOT
922 EOT
923 EOT
924 EOT
925 EOT
926 EOT
927 EOT
928 EOT
929 EOT
930 EOT
931 EOT
932 EOT
933 EOT
934 EOT
935 EOT
936 EOT
937 EOT
938 EOT
939 EOT
940 EOT
941 EOT
942 EOT
943 EOT
944 EOT
945 EOT
946 EOT
947 EOT
948 EOT
949 EOT
950 EOT
951 EOT
952 EOT
953 EOT
954 EOT
955 EOT
956 EOT
957 EOT
958 EOT
959 EOT
960 EOT
961 EOT
962 EOT
963 EOT
964 EOT
965 EOT
966 EOT
967 EOT
968 EOT
969 EOT
970 EOT
971 EOT
972 EOT
973 EOT
974 EOT
975 EOT
976 EOT
977 EOT
978 EOT
979 EOT
980 EOT
981 EOT
982 EOT
983 EOT
984 EOT
985 EOT
986 EOT
987 EOT
988 EOT
989 EOT
990 EOT
991 EOT
992 EOT
993 EOT
994 EOT
995 EOT
996 EOT
997 EOT
998 EOT
999 EOT
1000 EOT
1001 EOT
1002 EOT
1003 EOT
1004 EOT
1005 EOT
1006 EOT
1007 EOT
1008 EOT
1009 EOT
1010 EOT
1011 EOT
1012 EOT
1013 EOT
1014 EOT
1015 EOT
1016 EOT
1017 EOT
1018 EOT
1019 EOT
1020 EOT
1021 EOT
1022 EOT
1023 EOT
1024 EOT
1025 EOT
1026 EOT
1027 EOT
1028 EOT
1029 EOT
1030 EOT
1031 EOT
1032 EOT
1033 EOT
1034 EOT
1035 EOT
1036 EOT
1037 EOT
1038 EOT
1039 EOT
1040 EOT
1041 EOT
1042 EOT
1043 EOT
1044 EOT
1045 EOT
1046 EOT
1047 EOT
1048 EOT
1049 EOT
1050 EOT
1051 EOT
1052 EOT
1053 EOT
1054 EOT
1055 EOT
1056 EOT
1057 EOT
1058 EOT
1059 EOT
1060 EOT
1061 EOT
1062 EOT
1063 EOT
1064 EOT
1065 EOT
1066 EOT
1067 EOT
1068 EOT
1069 EOT
1070 EOT
1071 EOT
1072 EOT
1073 EOT
1074 EOT
1075 EOT
1076 EOT
1077 EOT
1078 EOT
1079 EOT
1080 EOT
1081 EOT
1082 EOT
1083 EOT
1084 EOT
1085 EOT
1086 EOT
1087 EOT
1088 EOT
1089 EOT
1090 EOT
1091 EOT
1092 EOT
1093 EOT
1094 EOT
1095 EOT
1096 EOT
1097 EOT
1098 EOT
1099 EOT
1100 EOT
1101 EOT
1102 EOT
1103 EOT
1104 EOT
1105 EOT
1106 EOT
1107 EOT
1108 EOT
1109 EOT
1110 EOT
1111 EOT
1112 EOT
1113 EOT
1114 EOT
1115 EOT
1116 EOT
1117 EOT
1118 EOT
1119 EOT
1120 EOT
1121 EOT
1122 EOT
1123 EOT
1124 EOT
1125 EOT
1126 EOT
1127 EOT
1128 EOT
1129 EOT
1130 EOT
1131 EOT
1132 EOT
1133 EOT
1134 EOT
1135 EOT
1136 EOT
1137 EOT
1138 EOT
1139 EOT
1140 EOT
1141 EOT
1142 EOT
1143 EOT
1144 EOT
1145 EOT
1146 EOT
1147 EOT
1148 EOT
1149 EOT
1150 EOT
1151 EOT
1152 EOT
1153 EOT
1154 EOT
1155 EOT
1156 EOT
1157 EOT
1158 EOT
1159 EOT
1160 EOT
1161 EOT
1162 EOT
1163 EOT
1164 EOT
1165 EOT
1166 EOT
1167 EOT
1168 EOT
1169 EOT
1170 EOT
1171 EOT
1172 EOT
1173 EOT
1174 EOT
1175 EOT
1176 EOT
1177 EOT
1178 EOT
1179 EOT
1180 EOT
1181 EOT
1182 EOT
1183 EOT
1184 EOT
1185 EOT
1186 EOT
1187 EOT
1188 EOT
1189 EOT
1190 EOT
1191 EOT
1192 EOT
1193 EOT
1194 EOT
1195 EOT
1196 EOT
1197 EOT
1198 EOT
1199 EOT
1200 EOT
1201 EOT
1202 EOT
1203 EOT
1204 EOT
1205 EOT
1206 EOT
1207 EOT
1208 EOT
1209 EOT
1210 EOT
1211 EOT
1212 EOT
1213 EOT
1214 EOT
1215 EOT
1216 EOT
1217 EOT
1218 EOT
1219 EOT
1220 EOT
1221 EOT
1222 EOT
1223 EOT
1224 EOT
1225 EOT
1226 EOT
1227 EOT
1228 EOT
1229 EOT
1230 EOT
1231 EOT
1232 EOT
1233 EOT
1234 EOT
1235 EOT
1236 EOT
1237 EOT
1238 EOT
1239 EOT
1240 EOT
1241 EOT
1242 EOT
1243 EOT
1244 EOT
1245 EOT
1246 EOT
1247 EOT
1248 EOT
1249 EOT
1250 EOT
1251 EOT
1252 EOT
1253 EOT
1254 EOT
1255 EOT
1256 EOT
1257 EOT
1258 EOT
1259 EOT
1260 EOT
1261 EOT
1262 EOT
1263 EOT
1264 EOT
1265 EOT
1266 EOT
1267 EOT
1268 EOT
1269 EOT
1270 EOT
1271 EOT
1272 EOT
1273 EOT
1274 EOT
1275 EOT
1276 EOT
1277 EOT
1278 EOT
1279 EOT
1280 EOT
1281 EOT
1282 EOT
1283 EOT
1284 EOT
1285 EOT
1286 EOT
1287 EOT
1288 EOT
1289 EOT
1290 EOT
1291 EOT
1292 EOT
1293 EOT
1294 EOT
1295 EOT
1296 EOT
1297 EOT
1298 EOT
1299 EOT
1300 EOT
1301 EOT
1302 EOT
1303 EOT
1304 EOT
1305 EOT
1306 EOT
1307 EOT
1308 EOT
1309 EOT
1310 EOT
1311 EOT
1312 EOT
1313 EOT
1314 EOT
1315 EOT
1316 EOT
1317 EOT
1318 EOT
1319 EOT
1320 EOT
1321 EOT
1322 EOT
1323 EOT
1324 EOT
1325 EOT
1326 EOT
1327 EOT
1328 EOT
1329 EOT
1330 EOT
1331 EOT
1332 EOT
1333 EOT
1334 EOT
1335 EOT
1336 EOT
1337 EOT
1338 EOT
1339 EOT
1340 EOT
1341 EOT
1342 EOT
1343 EOT
1344 EOT
1345 EOT
1346 EOT
1347 EOT
1348 EOT
1349 EOT
1350 EOT
1351 EOT
1352 EOT
1353 EOT
1354 EOT
1355 EOT
1356 EOT
1357 EOT
1358 EOT
1359 EOT
1360 EOT
1361 EOT
1362 EOT
1363 EOT
1364 EOT
1365 EOT
1366 EOT
1367 EOT
1368 EOT
1369 EOT
1370 EOT
1371 EOT
1372 EOT
1373 EOT
1374 EOT
1375 EOT
1376 EOT
1377 EOT
1378 EOT
1379 EOT
1380 EOT
1381 EOT
1382 EOT
1383 EOT
1384 EOT
1385 EOT
1386 EOT
1387 EOT
1388 EOT
1389 EOT
1390 EOT
1391 EOT
1392 EOT
1393 EOT
1394 EOT
1395 EOT
1396 EOT
1397 EOT
1398 EOT
1399 EOT
1400 EOT
1401 EOT
1402 EOT
1403 EOT
1404 EOT
1405 EOT
1406 EOT
1407 EOT
1408 EOT
1409 EOT
1410 EOT
1411 EOT
1412 EOT
1413 EOT
1414 EOT
1415 EOT
1416 EOT
1417 EOT
1418 EOT
1419 EOT
1420 EOT
1421 EOT
1422 EOT
1423 EOT
1424 EOT
1425 EOT
1426 EOT
1427 EOT
1428 EOT
1429 EOT
1430 EOT
1431 EOT
1432 EOT
1433 EOT
1434 EOT
1435 EOT
1436 EOT
1437 EOT
1438 EOT
1439 EOT
1440 EOT
1441 EOT
1442 EOT
1443 EOT
1444 EOT
1445 EOT
1446 EOT
1447 EOT
1448 EOT
1449 EOT
1450 EOT
1451 EOT
1452 EOT
1453 EOT
1454 EOT
1455 EOT
1456 EOT
1457 EOT
1458 EOT
1459 EOT
1460 EOT
1461 EOT
1462 EOT
1463 EOT
1464 EOT
1465 EOT
1466 EOT
1467 EOT
1468 EOT
1469 EOT
1470 EOT
1471 EOT
1472 EOT
1473 EOT
1474 EOT
1475 EOT
1476 EOT
1477 EOT
1478 EOT
1479 EOT
1480 EOT
1481 EOT
1482 EOT
1483 EOT
1484 EOT
1485 EOT
1486 EOT
1487 EOT
1488 EOT
1489 EOT
1490 EOT
1491 EOT
1492 EOT
1493 EOT
1494 EOT
1495 EOT
1496 EOT
1497 EOT
1498 EOT
1499 EOT
1500 EOT
1501 EOT
1502 EOT
1503 EOT
1504 EOT
1505 EOT
1506 EOT
1507 EOT
1508 EOT
1509 EOT
1510 EOT
1511 EOT
1512 EOT
1513 EOT
1514 EOT
1515 EOT
1516 EOT
1517 EOT
1518 EOT
1519 EOT
1520 EOT
1521 EOT
1522 EOT
1523 EOT
1524 EOT
1525 EOT
1526 EOT
1527 EOT
1528 EOT
1529 EOT
1530 EOT
1531 EOT
1532 EOT
1533 EOT
1534 EOT
1535 EOT
1536 EOT
1537 EOT
1538 EOT
1539 EOT
1540 EOT
1541 EOT
1542 EOT
1543 EOT
1544 EOT
1545 EOT
1546 EOT
1547 EOT
1548 EOT
1549 EOT
1550 EOT
1551 EOT
1552 EOT
1553 EOT
1554 EOT
1555 EOT
1556 EOT
1557 EOT
1558 EOT
1559 EOT
1560 EOT
1561 EOT
1562 EOT
1563 EOT
1564 EOT
1565 EOT
1566 EOT
1567 EOT
1568 EOT
1569 EOT
1570 EOT
1571 EOT
1572 EOT
1573 EOT
1574 EOT
1575 EOT
1576 EOT
1577 EOT
1578 EOT
1579 EOT
1580 EOT
1581 EOT
1582 EOT
1583 EOT
1584 EOT
1585 EOT
1586 EOT
1587 EOT
1588 EOT
1589 EOT
1590 EOT
1591 EOT
1592 EOT
1593 EOT
1594 EOT
1595 EOT
1596 EOT
1597 EOT
1598 EOT
1599 EOT
1600 EOT
1601 EOT
1602 EOT
1603 EOT
1604 EOT
1605 EOT
1606 EOT
1607 EOT
1608 EOT
1609 EOT
1610 EOT
1611 EOT
1612 EOT
1613 EOT
1614 EOT
1615 EOT
1616 EOT
1617 EOT
1618 EOT
1619 EOT
1620 EOT
1621 EOT
1622 EOT
1623 EOT
1624 EOT
1625 EOT
1626 EOT
1627 EOT
1628 EOT
1629 EOT
1630 EOT
1631 EOT
1632 EOT
1633 EOT
1634 EOT
1635 EOT
1636 EOT
1637 EOT
1638 EOT
1639 EOT
1640 EOT
1641 EOT
1642 EOT
1643 EOT
1644 EOT
1645 EOT
1646 EOT
1647 EOT
1648 EOT
1649 EOT
1650 EOT
1651 EOT
1652 EOT
1653 EOT
1654 EOT
1655 EOT
1656 EOT
1657 EOT
1658 EOT
1659 EOT
1660 EOT
1661 EOT
1662 EOT
1663 EOT
1664 EOT
1665 EOT
1666 EOT
1667 EOT
1668 EOT
1669 EOT
1670 EOT
1671 EOT
1672 EOT
1673 EOT
1674 EOT
1675 EOT
1676 EOT
1677 EOT
1678 EOT
1679 EOT
1680 EOT
1681 EOT
1682 EOT
1683 EOT
1684 EOT
1685 EOT
1686 EOT
1687 EOT
1688 EOT
1689 EOT
1690 EOT
1691 EOT
1692 EOT
1693 EOT
1694 EOT
1695 EOT
1696 EOT
1697 EOT
1698 EOT
1699 EOT
1700 EOT
1701 EOT
1702 EOT
1703 EOT
1704 EOT
1705 EOT
1706 EOT
1707 EOT
1708 EOT
1709 EOT
1710 EOT
1711 EOT
1712 EOT
1713 EOT
1714 EOT
1715 EOT
1716 EOT
1717 EOT
1718 EOT
1719 EOT
1720 EOT
1721 EOT
1722 EOT
1723 EOT
1724 EOT
1725 EOT
1726 EOT
1727 EOT
1728 EOT
1729 EOT
1730 EOT
1731 EOT
1732 EOT
1733 EOT
1734 EOT
1735 EOT
1736 EOT
1737 EOT
1738 EOT
1739 EOT
1740 EOT
1741 EOT
1742 EOT
1743 EOT
1744 EOT
1745 EOT
1746 EOT
1747 EOT
1748 EOT
1749 EOT
1750 EOT
1751 EOT
1752 EOT
1753 EOT
1754 EOT
1755 EOT
1756 EOT
1757 EOT
1758 EOT
1759 EOT
1760 EOT
1761 EOT
1762 EOT
1763 EOT
1764 EOT
1765 EOT
1766 EOT
1767 EOT
1768 EOT
1769 EOT
1770 EOT
1771 EOT
1772 EOT
1773 EOT
1774 EOT
1775 EOT
1776 EOT
1777 EOT
1778 EOT
1779 EOT
1780 EOT
1781 EOT
1782 EOT
1783 EOT
1784 EOT
1785 EOT
1786 EOT
1787 EOT
1788 EOT
1789 EOT
1790 EOT
1791 EOT
1792 EOT
1793 EOT
1794 EOT
1795 EOT
1796 EOT
1797 EOT
1798 EOT
1799 EOT
1800 EOT
1801 EOT
1802 EOT
1803 EOT
1804 EOT
1805 EOT
1806 EOT
1807 EOT
1808 EOT
1809 EOT
1810 EOT
1811 EOT
1812 EOT
1813 EOT
1814 EOT
1815 EOT
1816 EOT
1817 EOT
1818 EOT
1819 EOT
1820 EOT
1821 EOT
1822 EOT
1823 EOT
1824 EOT
1825 EOT
1826 EOT
1827 EOT
1828 EOT
1829 EOT
1830 EOT
1831 EOT
1832 EOT
1833 EOT
1834 EOT
1835 EOT
1836 EOT
1837 EOT
1838 EOT
1839 EOT
1840 EOT
1841 EOT
1842 EOT
1843 EOT
1844 EOT
1845 EOT
1846 EOT
1847 EOT
1848 EOT
1849 EOT
1850 EOT
1851 EOT
1852 EOT
1853 EOT
1854 EOT
1855 EOT
1856 EOT
1857 EOT
1858 EOT
1859 EOT
1860 EOT
1861 EOT
1862 EOT
1863 EOT
1864 EOT
1865 EOT
1866 EOT
1867 EOT
1868 EOT
1869 EOT
1870 EOT
1871 EOT
1872 EOT
1873 EOT
1874 EOT
1875 EOT
1876 EOT
1877 EOT
1878 EOT
1879 EOT
1880 EOT
1881 EOT
1882 EOT
1883 EOT
1884 EOT
1885 EOT
1886 EOT
1887 EOT
1888 EOT
1889 EOT
1890 EOT
1891 EOT
1892 EOT
1893 EOT
1894 EOT
1895 EOT
1896 EOT
1897 EOT
1898 EOT
1899 EOT
1900 EOT
1901 EOT
1902 EOT
1903 EOT
1904 EOT
1905 EOT
1906 EOT
1907 EOT
1908 EOT
1909 EOT
1910 EOT
1911 EOT
1912 EOT
1913 EOT
1914 EOT
1915 EOT
1916 EOT
1917 EOT
1918 EOT
1919 EOT
1920 EOT
1921 EOT
1922 EOT
1923 EOT
1924 EOT
1925 EOT
1926 EOT
1927 EOT
1928 EOT
1929 EOT
1930 EOT
1931 EOT
1932 EOT
1933 EOT
1934 EOT
1935 EOT
1936 EOT
1937 EOT
1938 EOT
1939 EOT
1940 EOT
1941 EOT
1942 EOT
1943 EOT
1944 EOT
1945 EOT
1946 EOT
1947 EOT
1948 EOT
1949 EOT
1950 EOT
1951 EOT
1952 EOT
1953 EOT
1954 EOT
1955 EOT
1956 EOT
1957 EOT
1958 EOT
1959 EOT
1960 EOT
1961 EOT
1962 EOT
1963 EOT
1964 EOT
1965 EOT
1966 EOT
1967 EOT
1968 EOT
1969 EOT
1970 EOT
1971 EOT
1972 EOT
1973 EOT
1974 EOT
1975 EOT
1976 EOT
1977 EOT
1978 EOT
1979 EOT
1980 EOT
1981 EOT
1982 EOT
1983 EOT
1984 EOT
1985 EOT
1986 EOT
1987 EOT
1988 EOT
1989 EOT
1990 EOT
1991 EOT
1992 EOT
1993 EOT
1994 EOT
1995 EOT
1996 EOT
1997 EOT
1998 EOT
1999 EOT
2000 EOT
2001 EOT
2002 EOT
2003 EOT
2004 EOT
2005 EOT
2006 EOT
2007 EOT
2008 EOT
2009 EOT
2010 EOT
2011 EOT
2012 EOT
2013 EOT
2014 EOT
2015 EOT
2016 EOT
2017 EOT
2018 EOT
2019 EOT
2020 EOT
2021 EOT
2022 EOT
2023 EOT
2024 EOT
2025 EOT
2026 EOT
2027 EOT
2028 EOT
2029 EOT
2030 EOT
2031 EOT
2032 EOT
2033 EOT
2034 EOT
2035 EOT
2036 EOT
2037 EOT
2038 EOT
2039 EOT
2040 EOT
2041 EOT
2042 EOT
2043 EOT
2044 EOT
2045 EOT
2046 EOT
2047 EOT
2048 EOT
2049 EOT
2050 EOT
2051 EOT
2052 EOT
2053 EOT
2054 EOT
2055 EOT
2056 EOT
2057 EOT
2058 EOT
2059 EOT
2060 EOT
2061 EOT
2062 EOT
2063 EOT
2064 EOT
2065 EOT
2066 EOT
2067 EOT
2068 EOT
2069 EOT
2070 EOT
2071 EOT
2072 EOT
2073 EOT
2074 EOT
2075 EOT
2076 EOT
2077 EOT
2078 EOT
2079 EOT
2080 EOT
2081 EOT
2082 EOT
2083 EOT
2084 EOT
2085 EOT
2086 EOT
2087 EOT
2088 EOT
2089 EOT
2090 EOT
2091 EOT
2092 EOT
2093 EOT
2094 EOT
2095 EOT
2096 EOT
2097 EOT
2098 EOT
2099 EOT
2100 EOT
2101 EOT
2102 EOT
2103 EOT
2104 EOT
2105 EOT
2106 EOT
2107 EOT
2108 EOT
2109 EOT
2110 EOT
2111 EOT
2112 EOT
2113 EOT
2114 EOT
2115 EOT
2116 EOT
2117 EOT
2118 EOT
2119 EOT
2120 EOT
2121 EOT
2122 EOT
2123 EOT
2124 EOT
2125 EOT
2126 EOT
2127 EOT
2128 EOT
2129 EOT
2130 EOT
2131 EOT
2132 EOT
2133 EOT
2134 EOT
2135 EOT
2136 EOT
2137 EOT
2138 EOT
2139 EOT
2140 EOT
2141 EOT
2142 EOT
2143 EOT
2144 EOT
2145 EOT
2146 EOT
2147 EOT
2148 EOT
2149 EOT
2150 EOT
2151 EOT
2152 EOT
2153 EOT
2154 EOT
2155 EOT
2156 EOT
2157 EOT
2158 EOT
2159 EOT
2160 EOT
2161 EOT
2162 EOT
2163 EOT
2164 EOT
2165 EOT
2166 EOT
2167 EOT
2168 EOT
2169 EOT
2170 EOT
2171 EOT
2172 EOT
2173 EOT
2174 EOT
2175 EOT
2176 EOT
2177 EOT
2178 EOT
2179 EOT
2180 EOT
2181 EOT
2182 EOT
2183 EOT
2184 EOT
2185 EOT
2186 EOT
2187 EOT
2188 EOT
2189 EOT
2190 EOT
2191 EOT
2192 EOT
2193 EOT
2194 EOT
2195 EOT
2196 EOT
2197 EOT
2198 EOT
2199 EOT
2200 EOT
2201 EOT
2202 EOT
2203 EOT
2204 EOT
2205 EOT
2206 EOT
2207 EOT
2208 EOT
2209 EOT
2210 EOT
2211 EOT
2212 EOT
2213 EOT
2214 EOT
2215 EOT
2216 EOT
2217 EOT
2218 EOT
2219 EOT
2220 EOT
2221 EOT
2222 EOT
2223 EOT
2224 EOT
2225 EOT
2226 EOT
2227 EOT
2228 EOT
2229 EOT
2230 EOT
2231 EOT
2232 EOT
2233 EOT
2234 EOT
2235 EOT
2236 EOT
2237 EOT
2238 EOT
2239 EOT
2240 EOT
2241 EOT
2242 EOT
2243 EOT
2244 EOT
2245 EOT
2246 EOT
2247 EOT
2248 EOT
2249 EOT
2250 EOT
2251 EOT
2252 EOT
2253 EOT
2254 EOT
2255 EOT
2256 EOT
2257 EOT
2258 EOT
2259 EOT
2260 EOT
2261 EOT
2262 EOT
2263 EOT
2264 EOT
2265 EOT
2266 EOT
2267 EOT
2268 EOT
2269 EOT
2270 EOT
2271 EOT
2272 EOT
2273 EOT
2274 EOT
2275 EOT
2276 EOT
2277 EOT
2278 EOT
2279 EOT
2280 EOT
2281 EOT
2282 EOT
2283 EOT
2284 EOT
2285 EOT
2286 EOT
2287 EOT
2288 EOT
2289 EOT
2290 EOT
2291 EOT
2292 EOT
2293 EOT
2294 EOT
2295 EOT
2296 EOT
2297 EOT
2298 EOT
2299 EOT
2300 EOT
2301 EOT
2302 EOT
2303 EOT
2304 EOT
2305 EOT
2306 EOT
2307 EOT
2308 EOT
2309 EOT
2310 EOT
2311 EOT
2312 EOT
2313 EOT
2314 EOT
2315 EOT
2316 EOT
2317 EOT
2318 EOT
2319 EOT
2320 EOT
2321 EOT
2322 EOT
2323 EOT
2324 EOT
2325 EOT
2326 EOT
2327 EOT
2328 EOT
2329 EOT
2330 EOT
2331 EOT
2332 EOT
2333 EOT
2334 EOT
2335 EOT
2336 EOT
2337 EOT
2338 EOT
2339 EOT
2340 EOT
2341 EOT
2342 EOT
2343 EOT
2344 EOT
2345 EOT
2346 EOT
2347 EOT
2348 EOT
2349 EOT
2350 EOT
2351 EOT
2352 EOT
2353 EOT
2354 EOT
2355 EOT
2356 EOT
2357 EOT
2358 EOT
2359 EOT
2360 EOT
2361 EOT
2362 EOT
2363 EOT
2364 EOT
2365 EOT
2366 EOT
2367 EOT
2368 EOT
2369 EOT
2370 EOT
2371 EOT
2372 EOT
2373 EOT
2374 EOT
2375 EOT
2376 EOT
2377 EOT
2378 EOT
2379 EOT
2380 EOT
2381 EOT
2382 EOT
2383 EOT
2384 EOT
2385 EOT
2386 EOT
2387 EOT
2388 EOT
2389 EOT
2390 EOT
2391 EOT
2392 EOT
2393 EOT
2394 EOT
2395 EOT
2396 EOT
2397 EOT
2398 EOT
2399 EOT
2400 EOT
2401 EOT
2402 EOT
2403 EOT
2404 EOT
2405 EOT
2406 EOT
2407 EOT
2408 EOT
2409 EOT
2410 EOT
2411 EOT
2412 EOT
2413 EOT
2414 EOT
2415 EOT
2416 EOT
2417 EOT
2418 EOT
2419 EOT
2420 EOT
2421 EOT
2422 EOT
2423 EOT
2424 EOT
2425 EOT
2426 EOT
2427 EOT
2428 EOT
2429 EOT
2430 EOT
2431 EOT
2432 EOT
2433 EOT
2434 EOT
2435 EOT
2436 EOT
2437 EOT
2438 EOT
2439 EOT
2440 EOT
2441 EOT
2442 EOT
2443 EOT
2444 EOT
2445 EOT
2446 EOT
2447 EOT
2448 EOT
2449 EOT
2450 EOT
2451 EOT
2452 EOT
2453 EOT
2454 EOT
2455 EOT
2456 EOT
2457 EOT
2458 EOT
2459 EOT
2460 EOT
2461 EOT
2462 EOT
2463 EOT
2464 EOT
2465 EOT
2466 EOT
2467 EOT
2468 EOT
2469 EOT
2470 EOT
2471 EOT
2472 EOT
2473 EOT
2474 EOT
2475 EOT
2476 EOT
2477 EOT
2478 EOT
2479 EOT
2480 EOT
2481 EOT
2482 EOT
2483 EOT
2484 EOT
2485 EOT
2486 EOT
2487 EOT
2488 EOT
2489 EOT
2490 EOT
2491 EOT
2492 EOT
2493 EOT
2494 EOT
2495 EOT
2496 EOT
2497 EOT
2498 EOT
2499 EOT
2500 EOT
2501 EOT
2502 EOT
2503 EOT
2504 EOT
2505 EOT
2506 EOT
2507 EOT
2508 EOT
2509 EOT
2510 EOT
2511 EOT
2512 EOT
2513 EOT
2514 EOT
2515 EOT
2516 EOT
2517 EOT
2518 EOT
2519 EOT
2520 EOT
2521 EOT
2522 EOT
2523 EOT
2524 EOT
2525 EOT
2526 EOT
2527 EOT
2528 EOT
2529 EOT
2530 EOT
2531 EOT
2532 EOT
2533 EOT
2534 EOT
2535 EOT
2536 EOT
2537 EOT
2538 EOT
2539 EOT
2540 EOT
2541 EOT
2542 EOT
2543 EOT
2544 EOT
2545 EOT
2546 EOT
2547 EOT
2548 EOT
2549 EOT
2550 EOT
2551 EOT
2552 EOT
2553 EOT
2554 EOT
2555 EOT
2556 EOT
2557 EOT
2558 EOT
2559 EOT
2560 EOT
2561 EOT
2562 EOT
2563 EOT
2564 EOT
2565 EOT
2566 EOT
2567 EOT
2568 EOT
2569 EOT
2570 EOT
2571 EOT
2572 EOT
2573 EOT
2574 EOT
2575 EOT
2576 EOT
2577 EOT
2578 EOT
2579 EOT
2580 EOT
2581 EOT
2582 EOT
2583 EOT
2584 EOT
2585 EOT
2586 EOT
2587 EOT
2588 EOT
2589 EOT
2590 EOT
2591 EOT
2592 EOT
2593 EOT
2594 EOT
2595 EOT
2596 EOT
2597 EOT
2598 EOT
2599 EOT
2600 EOT
2601 EOT
2602 EOT
2603 EOT
2604 EOT
2605 EOT
2606 EOT
2607 EOT
2608 EOT
2609 EOT
2610 EOT
2611 EOT
2612 EOT
2613 EOT
2614 EOT
2615 EOT
2616 EOT
2617 EOT
2618 EOT
2619 EOT
2620 EOT
2621 EOT
2622 EOT
2623 EOT
2624 EOT
2625 EOT
2626 EOT
2627 EOT
2628 EOT
2629 EOT
2630 EOT
2631 EOT
2632 EOT
2633 EOT
2634 EOT
2635 EOT
2636 EOT
2637 EOT
2638 EOT
2639 EOT
2640 EOT
2641 EOT
2642 EOT
2643 EOT
2644 EOT
2645 EOT
2646 EOT
2647 EOT
2648 EOT
2649 EOT
2650 EOT
2651 EOT
2652 EOT
2653 EOT
2654 EOT
2655 EOT
2656 EOT
2657 EOT
2658 EOT
2659 EOT
2660 EOT
2661 EOT
2662 EOT
2663 EOT
2664 EOT
2665 EOT
2666 EOT
2667 EOT
2668 EOT
2669 EOT
2670 EOT
2671 EOT
2672 EOT
2673 EOT
2674 EOT
2675 EOT
2676 EOT
2677 EOT
2678 EOT
2679 EOT
2680 EOT
2681 EOT
2682 EOT
2683 EOT
2684 EOT
2685 EOT
2686 EOT
2687 EOT
2688 EOT
2689 EOT
2690 EOT
2691 EOT
2692 EOT
2693 EOT
2694 EOT
2695 EOT
2696 EOT
2697 EOT
2698 EOT
2699 EOT
2700 EOT
2701 EOT
2702 EOT
2703 EOT
2704 EOT
2705 EOT
2706 EOT
2707 EOT
2708 EOT
2709 EOT
2710 EOT
2711 EOT
2712 EOT
2713 EOT
2714 EOT
2715 EOT
2716 EOT
2717 EOT
2718 EOT
2719 EOT
2720 EOT
2721 EOT
2722 EOT
2723 EOT
2724 EOT
2725 EOT
2726 EOT
2727 EOT
2728 EOT
2729 EOT
2730 EOT
2731 EOT
2732 EOT
2733 EOT
2734 EOT
2735 EOT
2736 EOT
2737 EOT
2738 EOT
2739 EOT
2740 EOT
2741 EOT
2742 EOT
2743 EOT
2744 EOT
2745 EOT
2746 EOT
2747 EOT
2748 EOT
2749 EOT
2750 EOT
2751 EOT
2752 EOT
2753 EOT
2754 EOT
2755 EOT
2756 EOT
2757 EOT
2758 EOT
2759 EOT
2760 EOT
2761 EOT
2762 EOT
2763 EOT
2764 EOT
2765 EOT
2766 EOT
2767 EOT
2768 EOT
2769 EOT
2770 EOT
2771 EOT
2772 EOT
2773 EOT
2774 EOT
2775 EOT
2776 EOT
2777 EOT
2778 EOT
2779 EOT
2780 EOT
2781 EOT
2782 EOT
2783 EOT
2784 EOT
2785 EOT
2786 EOT
2787 EOT
2788 EOT
2789 EOT
2790 EOT
2791 EOT
2792 EOT
2793 EOT
2794 EOT
2795 EOT
2796 EOT
2797 EOT
2798 EOT
2799 EOT
2800 EOT
2801 EOT
2802 EOT
2803 EOT
2804 EOT
2805 EOT
2806 EOT
2807 EOT
2808 EOT
2809 EOT
2810 EOT
2811 EOT
2812 EOT
2813 EOT
2814 EOT
2815 EOT
2816 EOT
2817 EOT
2818 EOT
2819 EOT
2820 EOT
2821 EOT
2822 EOT
2823 EOT
2824 EOT
